<?xml version="1.0" encoding="UTF-8"?>
<!-- Generated by org.testng.reporters.JUnitReportReporter -->
<testsuite hostname="Skycliffit021" failures="0" tests="2" name="somaApiTesting.GetPatientCount" time="1.572" errors="0" timestamp="25 Nov 2021 12:13:56 GMT">
  <testcase classname="somaApiTesting.GetPatientCount" name="patientCount" time="1.571"/>
  <testcase classname="somaApiTesting.GetPatientCount" name="accessToken" time="0.001"/>
</testsuite> <!-- somaApiTesting.GetPatientCount -->
