<?xml version="1.0" encoding="UTF-8"?>
<!-- Generated by org.testng.reporters.JUnitReportReporter -->
<testsuite hostname="Skycliffit021" failures="0" tests="2" name="somaApiTesting.GetSomaDjCategories" time="1.562" errors="0" timestamp="25 Nov 2021 12:13:56 GMT">
  <testcase classname="somaApiTesting.GetSomaDjCategories" name="somaDjCategories" time="1.561"/>
  <testcase classname="somaApiTesting.GetSomaDjCategories" name="accessToken" time="0.001"/>
</testsuite> <!-- somaApiTesting.GetSomaDjCategories -->
