<?xml version="1.0" encoding="UTF-8"?>
<!-- Generated by org.testng.reporters.JUnitReportReporter -->
<testsuite hostname="Skycliffit021" failures="0" tests="2" name="somaApiTesting.GetPatientTeamMembers" time="1.283" errors="0" timestamp="25 Nov 2021 12:13:56 GMT">
  <testcase classname="somaApiTesting.GetPatientTeamMembers" name="patientTeamMembers" time="1.282"/>
  <testcase classname="somaApiTesting.GetPatientTeamMembers" name="accessToken" time="0.001"/>
</testsuite> <!-- somaApiTesting.GetPatientTeamMembers -->
