<?xml version="1.0" encoding="UTF-8"?>
<!-- Generated by org.testng.reporters.JUnitReportReporter -->
<testsuite hostname="Skycliffit021" failures="0" tests="2" name="somaApiTesting.GetPatientFullName" time="1.555" errors="0" timestamp="25 Nov 2021 12:13:56 GMT">
  <testcase classname="somaApiTesting.GetPatientFullName" name="patientFullName" time="1.555"/>
  <testcase classname="somaApiTesting.GetPatientFullName" name="accessToken" time="0.000"/>
</testsuite> <!-- somaApiTesting.GetPatientFullName -->
