<?xml version="1.0" encoding="UTF-8"?>
<!-- Generated by org.testng.reporters.JUnitReportReporter -->
<testsuite hostname="Skycliffit021" failures="0" tests="2" name="somaApiTesting.GetDjNotificationSettings" time="1.581" errors="0" timestamp="25 Nov 2021 12:13:56 GMT">
  <testcase classname="somaApiTesting.GetDjNotificationSettings" name="accessToken" time="0.001"/>
  <testcase classname="somaApiTesting.GetDjNotificationSettings" name="DjNotificationSettings" time="1.580"/>
</testsuite> <!-- somaApiTesting.GetDjNotificationSettings -->
