<?xml version="1.0" encoding="UTF-8"?>
<!-- Generated by org.testng.reporters.JUnitReportReporter -->
<testsuite hostname="Skycliffit021" failures="0" tests="2" name="somaApiTesting.GetDjQuestionTypes" time="1.588" errors="0" timestamp="25 Nov 2021 12:13:56 GMT">
  <testcase classname="somaApiTesting.GetDjQuestionTypes" name="DjQuestionTypes" time="1.585"/>
  <testcase classname="somaApiTesting.GetDjQuestionTypes" name="accessToken" time="0.003"/>
</testsuite> <!-- somaApiTesting.GetDjQuestionTypes -->
