<?xml version="1.0" encoding="UTF-8"?>
<!-- Generated by org.testng.reporters.JUnitReportReporter -->
<testsuite hostname="Skycliffit021" failures="0" tests="2" name="somaApiTesting.GetListOfDjQuestions" time="1.823" errors="0" timestamp="25 Nov 2021 12:13:56 GMT">
  <testcase classname="somaApiTesting.GetListOfDjQuestions" name="accessToken" time="0.002"/>
  <testcase classname="somaApiTesting.GetListOfDjQuestions" name="listOfDjQuestions" time="1.821"/>
</testsuite> <!-- somaApiTesting.GetListOfDjQuestions -->
