<?xml version="1.0" encoding="UTF-8"?>
<!-- Generated by org.testng.reporters.JUnitReportReporter -->
<testsuite hostname="Skycliffit021" failures="0" tests="2" name="somaApiTesting.GetPatientTeamNormalZones" time="1.497" errors="0" timestamp="25 Nov 2021 12:13:56 GMT">
  <testcase classname="somaApiTesting.GetPatientTeamNormalZones" name="patientTeamNormalZones" time="1.495"/>
  <testcase classname="somaApiTesting.GetPatientTeamNormalZones" name="accessToken" time="0.002"/>
</testsuite> <!-- somaApiTesting.GetPatientTeamNormalZones -->
