<?xml version="1.0" encoding="UTF-8"?>
<!-- Generated by org.testng.reporters.JUnitReportReporter -->
<testsuite hostname="Skycliffit021" failures="0" tests="2" name="somaApiTesting.GetReadingTypes" time="1.672" errors="0" timestamp="25 Nov 2021 12:13:56 GMT">
  <testcase classname="somaApiTesting.GetReadingTypes" name="accessToken" time="0.004"/>
  <testcase classname="somaApiTesting.GetReadingTypes" name="GetReadingTypesApi" time="1.668"/>
</testsuite> <!-- somaApiTesting.GetReadingTypes -->
