<?xml version="1.0" encoding="UTF-8"?>
<!-- Generated by org.testng.reporters.JUnitReportReporter -->
<testsuite hostname="Skycliffit021" failures="0" tests="2" name="somaApiTesting.GetSomaPatientToBillTodayDetails" time="1.543" errors="0" timestamp="25 Nov 2021 12:13:56 GMT">
  <testcase classname="somaApiTesting.GetSomaPatientToBillTodayDetails" name="DjNotificationSettings" time="1.540"/>
  <testcase classname="somaApiTesting.GetSomaPatientToBillTodayDetails" name="accessToken" time="0.003"/>
</testsuite> <!-- somaApiTesting.GetSomaPatientToBillTodayDetails -->
