<?xml version="1.0" encoding="UTF-8"?>
<!-- Generated by org.testng.reporters.JUnitReportReporter -->
<testsuite hostname="Skycliffit021" failures="0" tests="2" name="somaApiTesting.GetStates" time="1.793" errors="0" timestamp="25 Nov 2021 12:13:56 GMT">
  <testcase classname="somaApiTesting.GetStates" name="DjNotificationSettings" time="1.791"/>
  <testcase classname="somaApiTesting.GetStates" name="accessToken" time="0.002"/>
</testsuite> <!-- somaApiTesting.GetStates -->
