<?xml version="1.0" encoding="UTF-8"?>
<!-- Generated by org.testng.reporters.JUnitReportReporter -->
<testsuite hostname="Skycliffit021" failures="0" tests="2" name="somaApiTesting.GetLatestSoftwareVersion" time="1.446" errors="0" timestamp="25 Nov 2021 12:13:56 GMT">
  <testcase classname="somaApiTesting.GetLatestSoftwareVersion" name="accessToken" time="0.001"/>
  <testcase classname="somaApiTesting.GetLatestSoftwareVersion" name="LatestSoftwareVersion" time="1.445"/>
</testsuite> <!-- somaApiTesting.GetLatestSoftwareVersion -->
