<?xml version="1.0" encoding="UTF-8"?>
<!-- Generated by org.testng.reporters.JUnitReportReporter -->
<testsuite hostname="Skycliffit021" failures="0" tests="2" name="somaApiTesting.GetPatientReadings" time="2.007" errors="0" timestamp="25 Nov 2021 12:13:56 GMT">
  <testcase classname="somaApiTesting.GetPatientReadings" name="accessToken" time="0.001"/>
  <testcase classname="somaApiTesting.GetPatientReadings" name="patientReadings" time="2.006"/>
</testsuite> <!-- somaApiTesting.GetPatientReadings -->
