<?xml version="1.0" encoding="UTF-8"?>
<!-- Generated by org.testng.reporters.JUnitReportReporter -->
<testsuite hostname="Skycliffit021" failures="0" tests="2" name="somaApiTesting.GetSomaTeamDjQuestions" time="1.757" errors="0" timestamp="25 Nov 2021 12:13:56 GMT">
  <testcase classname="somaApiTesting.GetSomaTeamDjQuestions" name="accessToken" time="0.003"/>
  <testcase classname="somaApiTesting.GetSomaTeamDjQuestions" name="teamDjQuestions" time="1.754"/>
</testsuite> <!-- somaApiTesting.GetSomaTeamDjQuestions -->
