<?xml version="1.0" encoding="UTF-8"?>
<!-- Generated by org.testng.reporters.JUnitReportReporter -->
<testsuite hostname="Skycliffit021" failures="0" tests="2" name="somaApiTesting.GetSomaPatientAssociatedDevices" time="1.320" errors="0" timestamp="25 Nov 2021 12:13:56 GMT">
  <testcase classname="somaApiTesting.GetSomaPatientAssociatedDevices" name="DjNotificationSettings" time="1.316"/>
  <testcase classname="somaApiTesting.GetSomaPatientAssociatedDevices" name="accessToken" time="0.004"/>
</testsuite> <!-- somaApiTesting.GetSomaPatientAssociatedDevices -->
