<?xml version="1.0" encoding="UTF-8"?>
<!-- Generated by org.testng.reporters.JUnitReportReporter -->
<testsuite hostname="Skycliffit021" failures="0" tests="2" name="somaApiTesting.GetPatientNormalZones" time="1.483" errors="0" timestamp="25 Nov 2021 12:13:56 GMT">
  <testcase classname="somaApiTesting.GetPatientNormalZones" name="patientNormalZones" time="1.483"/>
  <testcase classname="somaApiTesting.GetPatientNormalZones" name="accessToken" time="0.000"/>
</testsuite> <!-- somaApiTesting.GetPatientNormalZones -->
