<?xml version="1.0" encoding="UTF-8"?>
<!-- Generated by org.testng.reporters.JUnitReportReporter -->
<testsuite hostname="Skycliffit021" failures="0" tests="2" name="somaApiTesting.GetSomaPrograms" time="1.592" errors="0" timestamp="25 Nov 2021 12:13:56 GMT">
  <testcase classname="somaApiTesting.GetSomaPrograms" name="DjNotificationSettings" time="1.590"/>
  <testcase classname="somaApiTesting.GetSomaPrograms" name="accessToken" time="0.002"/>
</testsuite> <!-- somaApiTesting.GetSomaPrograms -->
