<?xml version="1.0" encoding="UTF-8"?>
<!-- Generated by org.testng.reporters.JUnitReportReporter -->
<testsuite hostname="Skycliffit021" failures="0" tests="2" name="somaApiTesting.GetPatientTotalReadingsCount" time="3.188" errors="0" timestamp="25 Nov 2021 12:13:56 GMT">
  <testcase classname="somaApiTesting.GetPatientTotalReadingsCount" name="patientTotalReadingsCount" time="3.171"/>
  <testcase classname="somaApiTesting.GetPatientTotalReadingsCount" name="accessToken" time="0.017"/>
</testsuite> <!-- somaApiTesting.GetPatientTotalReadingsCount -->
