<?xml version="1.0" encoding="UTF-8"?>
<!-- Generated by org.testng.reporters.JUnitReportReporter -->
<testsuite hostname="Skycliffit021" failures="0" tests="2" name="somaApiTesting.GetPatientFoodLogDetails" time="1.251" errors="0" timestamp="25 Nov 2021 12:13:56 GMT">
  <testcase classname="somaApiTesting.GetPatientFoodLogDetails" name="patientFoodLogDetails" time="1.250"/>
  <testcase classname="somaApiTesting.GetPatientFoodLogDetails" name="accessToken" time="0.001"/>
</testsuite> <!-- somaApiTesting.GetPatientFoodLogDetails -->
