<?xml version="1.0" encoding="UTF-8"?>
<!-- Generated by org.testng.reporters.JUnitReportReporter -->
<testsuite hostname="Skycliffit021" failures="0" tests="1" name="com.SomaAPI.GetDjNotificationSettings" time="3.331" errors="0" timestamp="24 Aug 2021 07:39:44 GMT">
  <testcase classname="com.SomaAPI.GetDjNotificationSettings" name="DjNotificationSettings" time="3.331"/>
</testsuite> <!-- com.SomaAPI.GetDjNotificationSettings -->
